ERROR:integer division or modulo by zero
Traceback (most recent call last):
  File "log_test.py", line 6, in <module>
    1 / 0
ZeroDivisionError: integer division or modulo by zero
2015-05-04 15:18:37,942 integer division or modulo by zero
Traceback (most recent call last):
  File "log_test.py", line 6, in <module>
    1 / 0
ZeroDivisionError: integer division or modulo by zero
2015-05-04 15:18:54,493 integer division or modulo by zero
Traceback (most recent call last):
  File "log_test.py", line 6, in <module>
    1 / 0
ZeroDivisionError: integer division or modulo by zero

2015-05-04 15:19:22,420 integer division or modulo by zero
Traceback (most recent call last):
  File "log_test.py", line 6, in <module>
    1 / 0
ZeroDivisionError: integer division or modulo by zero
====================2015-05-04 15:20:06,182 integer division or modulo by zero
Traceback (most recent call last):
  File "log_test.py", line 6, in <module>
    1 / 0
ZeroDivisionError: integer division or modulo by zero
====================
2015-05-04 15:20:16,999 integer division or modulo by zero
Traceback (most recent call last):
  File "log_test.py", line 6, in <module>
    1 / 0
ZeroDivisionError: integer division or modulo by zero
====================
2015-05-04 15:20:17,454 integer division or modulo by zero
Traceback (most recent call last):
  File "log_test.py", line 6, in <module>
    1 / 0
ZeroDivisionError: integer division or modulo by zero
====================
2015-05-04 15:20:17,900 integer division or modulo by zero
Traceback (most recent call last):
  File "log_test.py", line 6, in <module>
    1 / 0
ZeroDivisionError: integer division or modulo by zero
====================
2015-05-04 15:20:18,303 integer division or modulo by zero
Traceback (most recent call last):
  File "log_test.py", line 6, in <module>
    1 / 0
ZeroDivisionError: integer division or modulo by zero
==================================================
2015-05-04 15:20:33,282 integer division or modulo by zero
Traceback (most recent call last):
  File "log_test.py", line 6, in <module>
    1 / 0
ZeroDivisionError: integer division or modulo by zero
==================================================
2015-05-04 15:20:33,629 integer division or modulo by zero
Traceback (most recent call last):
  File "log_test.py", line 6, in <module>
    1 / 0
ZeroDivisionError: integer division or modulo by zero
==================================================
2015-05-04 15:20:42,119 integer division or modulo by zero
Traceback (most recent call last):
  File "log_test.py", line 6, in <module>
    1 / 0
ZeroDivisionError: integer division or modulo by zero
==================================================
2015-05-04 15:20:42,690 integer division or modulo by zero
Traceback (most recent call last):
  File "log_test.py", line 6, in <module>
    1 / 0
ZeroDivisionError: integer division or modulo by zero
==================================================
2015-05-04 15:20:43,158 integer division or modulo by zero
Traceback (most recent call last):
  File "log_test.py", line 6, in <module>
    1 / 0
ZeroDivisionError: integer division or modulo by zero
==================================================
2015-05-04 15:20:43,552 integer division or modulo by zero
Traceback (most recent call last):
  File "log_test.py", line 6, in <module>
    1 / 0
ZeroDivisionError: integer division or modulo by zero
==================================================
2015-05-04 15:20:43,942 integer division or modulo by zero
Traceback (most recent call last):
  File "log_test.py", line 6, in <module>
    1 / 0
ZeroDivisionError: integer division or modulo by zero
==================================================
2015-05-04 15:20:44,398 integer division or modulo by zero
Traceback (most recent call last):
  File "log_test.py", line 6, in <module>
    1 / 0
ZeroDivisionError: integer division or modulo by zero
==================================================
2015-05-04 15:23:09,894 integer division or modulo by zero
Traceback (most recent call last):
  File "log_test.py", line 6, in <module>
    1 / 0
ZeroDivisionError: integer division or modulo by zero
==================================================
2015-05-04 15:23:30,092 integer division or modulo by zero
Traceback (most recent call last):
  File "log_test.py", line 6, in <module>
    1 / 0
ZeroDivisionError: integer division or modulo by zero
==================================================
2015-05-04 15:23:31,132 integer division or modulo by zero
Traceback (most recent call last):
  File "log_test.py", line 6, in <module>
    1 / 0
ZeroDivisionError: integer division or modulo by zero
